   1               		.file	"mousekey.c"
   2               	__SP_H__ = 0x3e
   3               	__SP_L__ = 0x3d
   4               	__SREG__ = 0x3f
   5               	__tmp_reg__ = 0
   6               	__zero_reg__ = 1
   7               		.text
   8               	.Ltext0:
   9               		.cfi_sections	.debug_frame
  10               		.section	.text.move_unit,"ax",@progbits
  12               	move_unit:
  13               	.LFB100:
  14               		.file 1 "../../tmk_core/common/mousekey.c"
   1:../../tmk_core/common/mousekey.c **** /*
   2:../../tmk_core/common/mousekey.c **** Copyright 2011 Jun Wako <wakojun@gmail.com>
   3:../../tmk_core/common/mousekey.c **** 
   4:../../tmk_core/common/mousekey.c **** This program is free software: you can redistribute it and/or modify
   5:../../tmk_core/common/mousekey.c **** it under the terms of the GNU General Public License as published by
   6:../../tmk_core/common/mousekey.c **** the Free Software Foundation, either version 2 of the License, or
   7:../../tmk_core/common/mousekey.c **** (at your option) any later version.
   8:../../tmk_core/common/mousekey.c **** 
   9:../../tmk_core/common/mousekey.c **** This program is distributed in the hope that it will be useful,
  10:../../tmk_core/common/mousekey.c **** but WITHOUT ANY WARRANTY; without even the implied warranty of
  11:../../tmk_core/common/mousekey.c **** MERCHANTABILITY or FITNESS FOR A PARTICULAR PURPOSE.  See the
  12:../../tmk_core/common/mousekey.c **** GNU General Public License for more details.
  13:../../tmk_core/common/mousekey.c **** 
  14:../../tmk_core/common/mousekey.c **** You should have received a copy of the GNU General Public License
  15:../../tmk_core/common/mousekey.c **** along with this program.  If not, see <http://www.gnu.org/licenses/>.
  16:../../tmk_core/common/mousekey.c **** */
  17:../../tmk_core/common/mousekey.c **** 
  18:../../tmk_core/common/mousekey.c **** #include <stdint.h>
  19:../../tmk_core/common/mousekey.c **** #include "keycode.h"
  20:../../tmk_core/common/mousekey.c **** #include "host.h"
  21:../../tmk_core/common/mousekey.c **** #include "timer.h"
  22:../../tmk_core/common/mousekey.c **** #include "print.h"
  23:../../tmk_core/common/mousekey.c **** #include "debug.h"
  24:../../tmk_core/common/mousekey.c **** #include "mousekey.h"
  25:../../tmk_core/common/mousekey.c **** 
  26:../../tmk_core/common/mousekey.c **** 
  27:../../tmk_core/common/mousekey.c **** 
  28:../../tmk_core/common/mousekey.c **** static report_mouse_t mouse_report = {};
  29:../../tmk_core/common/mousekey.c **** static uint8_t mousekey_repeat =  0;
  30:../../tmk_core/common/mousekey.c **** static uint8_t mousekey_accel = 0;
  31:../../tmk_core/common/mousekey.c **** 
  32:../../tmk_core/common/mousekey.c **** static void mousekey_debug(void);
  33:../../tmk_core/common/mousekey.c **** 
  34:../../tmk_core/common/mousekey.c **** 
  35:../../tmk_core/common/mousekey.c **** /*
  36:../../tmk_core/common/mousekey.c ****  * Mouse keys  acceleration algorithm
  37:../../tmk_core/common/mousekey.c ****  *  http://en.wikipedia.org/wiki/Mouse_keys
  38:../../tmk_core/common/mousekey.c ****  *
  39:../../tmk_core/common/mousekey.c ****  *  speed = delta * max_speed * (repeat / time_to_max)**((1000+curve)/1000)
  40:../../tmk_core/common/mousekey.c ****  */
  41:../../tmk_core/common/mousekey.c **** /* milliseconds between the initial key press and first repeated motion event (0-2550) */
  42:../../tmk_core/common/mousekey.c **** uint8_t mk_delay = MOUSEKEY_DELAY/10;
  43:../../tmk_core/common/mousekey.c **** /* milliseconds between repeated motion events (0-255) */
  44:../../tmk_core/common/mousekey.c **** uint8_t mk_interval = MOUSEKEY_INTERVAL;
  45:../../tmk_core/common/mousekey.c **** /* steady speed (in action_delta units) applied each event (0-255) */
  46:../../tmk_core/common/mousekey.c **** uint8_t mk_max_speed = MOUSEKEY_MAX_SPEED;
  47:../../tmk_core/common/mousekey.c **** /* number of events (count) accelerating to steady speed (0-255) */
  48:../../tmk_core/common/mousekey.c **** uint8_t mk_time_to_max = MOUSEKEY_TIME_TO_MAX;
  49:../../tmk_core/common/mousekey.c **** /* ramp used to reach maximum pointer speed (NOT SUPPORTED) */
  50:../../tmk_core/common/mousekey.c **** //int8_t mk_curve = 0;
  51:../../tmk_core/common/mousekey.c **** /* wheel params */
  52:../../tmk_core/common/mousekey.c **** uint8_t mk_wheel_max_speed = MOUSEKEY_WHEEL_MAX_SPEED;
  53:../../tmk_core/common/mousekey.c **** uint8_t mk_wheel_time_to_max = MOUSEKEY_WHEEL_TIME_TO_MAX;
  54:../../tmk_core/common/mousekey.c **** 
  55:../../tmk_core/common/mousekey.c **** 
  56:../../tmk_core/common/mousekey.c **** static uint16_t last_timer = 0;
  57:../../tmk_core/common/mousekey.c **** 
  58:../../tmk_core/common/mousekey.c **** 
  59:../../tmk_core/common/mousekey.c **** static uint8_t move_unit(void)
  60:../../tmk_core/common/mousekey.c **** {
  15               		.loc 1 60 0
  16               		.cfi_startproc
  17               	/* prologue: function */
  18               	/* frame size = 0 */
  19               	/* stack size = 0 */
  20               	.L__stack_usage = 0
  61:../../tmk_core/common/mousekey.c ****     uint16_t unit;
  62:../../tmk_core/common/mousekey.c ****     if (mousekey_accel & (1<<0)) {
  21               		.loc 1 62 0
  22 0000 8091 0000 		lds r24,mousekey_accel
  23 0004 80FF      		sbrs r24,0
  24 0006 00C0      		rjmp .L2
  63:../../tmk_core/common/mousekey.c ****         unit = (MOUSEKEY_MOVE_DELTA * mk_max_speed)/4;
  25               		.loc 1 63 0
  26 0008 6091 0000 		lds r22,mk_max_speed
  27 000c 85E0      		ldi r24,lo8(5)
  28 000e 689F      		mul r22,r24
  29 0010 B001      		movw r22,r0
  30 0012 1124      		clr __zero_reg__
  31 0014 7595      		asr r23
  32 0016 6795      		ror r22
  33 0018 7595      		asr r23
  34 001a 6795      		ror r22
  35               	.LVL0:
  36 001c 00C0      		rjmp .L3
  37               	.LVL1:
  38               	.L2:
  64:../../tmk_core/common/mousekey.c ****     } else if (mousekey_accel & (1<<1)) {
  39               		.loc 1 64 0
  40 001e 81FF      		sbrs r24,1
  41 0020 00C0      		rjmp .L4
  65:../../tmk_core/common/mousekey.c ****         unit = (MOUSEKEY_MOVE_DELTA * mk_max_speed)/2;
  42               		.loc 1 65 0
  43 0022 6091 0000 		lds r22,mk_max_speed
  44 0026 85E0      		ldi r24,lo8(5)
  45 0028 689F      		mul r22,r24
  46 002a B001      		movw r22,r0
  47 002c 1124      		clr __zero_reg__
  48 002e 7595      		asr r23
  49 0030 6795      		ror r22
  50               	.LVL2:
  51 0032 00C0      		rjmp .L3
  52               	.LVL3:
  53               	.L4:
  66:../../tmk_core/common/mousekey.c ****     } else if (mousekey_accel & (1<<2)) {
  54               		.loc 1 66 0
  55 0034 82FF      		sbrs r24,2
  56 0036 00C0      		rjmp .L5
  57               	.L7:
  67:../../tmk_core/common/mousekey.c ****         unit = (MOUSEKEY_MOVE_DELTA * mk_max_speed);
  58               		.loc 1 67 0
  59 0038 6091 0000 		lds r22,mk_max_speed
  60 003c 85E0      		ldi r24,lo8(5)
  61 003e 689F      		mul r22,r24
  62 0040 B001      		movw r22,r0
  63 0042 1124      		clr __zero_reg__
  64               	.LVL4:
  65 0044 00C0      		rjmp .L3
  66               	.LVL5:
  67               	.L5:
  68:../../tmk_core/common/mousekey.c ****     } else if (mousekey_repeat == 0) {
  68               		.loc 1 68 0
  69 0046 9091 0000 		lds r25,mousekey_repeat
  70 004a 9923      		tst r25
  71 004c 01F0      		breq .L9
  69:../../tmk_core/common/mousekey.c ****         unit = MOUSEKEY_MOVE_DELTA;
  70:../../tmk_core/common/mousekey.c ****     } else if (mousekey_repeat >= mk_time_to_max) {
  72               		.loc 1 70 0
  73 004e 6091 0000 		lds r22,mk_time_to_max
  74 0052 9617      		cp r25,r22
  75 0054 00F4      		brsh .L7
  71:../../tmk_core/common/mousekey.c ****         unit = MOUSEKEY_MOVE_DELTA * mk_max_speed;
  72:../../tmk_core/common/mousekey.c ****     } else {
  73:../../tmk_core/common/mousekey.c ****         unit = (MOUSEKEY_MOVE_DELTA * mk_max_speed * mousekey_repeat) / mk_time_to_max;
  76               		.loc 1 73 0
  77 0056 2091 0000 		lds r18,mk_max_speed
  78 005a 85E0      		ldi r24,lo8(5)
  79 005c 289F      		mul r18,r24
  80 005e 9001      		movw r18,r0
  81 0060 1124      		clr __zero_reg__
  82 0062 929F      		mul r25,r18
  83 0064 A001      		movw r20,r0
  84 0066 939F      		mul r25,r19
  85 0068 500D      		add r21,r0
  86 006a 1124      		clr __zero_reg__
  87 006c 70E0      		ldi r23,0
  88 006e CA01      		movw r24,r20
  89 0070 0E94 0000 		call __divmodhi4
  90               	.LVL6:
  91               	.L3:
  74:../../tmk_core/common/mousekey.c ****     }
  75:../../tmk_core/common/mousekey.c ****     return (unit > MOUSEKEY_MOVE_MAX ? MOUSEKEY_MOVE_MAX : (unit == 0 ? 1 : unit));
  92               		.loc 1 75 0
  93 0074 6038      		cpi r22,-128
  94 0076 7105      		cpc r23,__zero_reg__
  95 0078 00F4      		brsh .L10
  96               		.loc 1 75 0 is_stmt 0 discriminator 1
  97 007a 6115      		cp r22,__zero_reg__
  98 007c 7105      		cpc r23,__zero_reg__
  99 007e 01F4      		brne .L6
 100 0080 00C0      		rjmp .L13
 101               	.LVL7:
 102               	.L9:
  69:../../tmk_core/common/mousekey.c ****     } else if (mousekey_repeat >= mk_time_to_max) {
 103               		.loc 1 69 0 is_stmt 1
 104 0082 65E0      		ldi r22,lo8(5)
 105 0084 70E0      		ldi r23,0
 106               	.L6:
 107               		.loc 1 75 0 discriminator 3
 108 0086 862F      		mov r24,r22
 109 0088 0895      		ret
 110               	.LVL8:
 111               	.L10:
 112               		.loc 1 75 0 is_stmt 0
 113 008a 8FE7      		ldi r24,lo8(127)
 114 008c 0895      		ret
 115               	.L13:
 116 008e 81E0      		ldi r24,lo8(1)
  76:../../tmk_core/common/mousekey.c **** }
 117               		.loc 1 76 0 is_stmt 1
 118 0090 0895      		ret
 119               		.cfi_endproc
 120               	.LFE100:
 122               		.section	.text.wheel_unit,"ax",@progbits
 124               	wheel_unit:
 125               	.LFB101:
  77:../../tmk_core/common/mousekey.c **** 
  78:../../tmk_core/common/mousekey.c **** static uint8_t wheel_unit(void)
  79:../../tmk_core/common/mousekey.c **** {
 126               		.loc 1 79 0
 127               		.cfi_startproc
 128               	/* prologue: function */
 129               	/* frame size = 0 */
 130               	/* stack size = 0 */
 131               	.L__stack_usage = 0
  80:../../tmk_core/common/mousekey.c ****     uint16_t unit;
  81:../../tmk_core/common/mousekey.c ****     if (mousekey_accel & (1<<0)) {
 132               		.loc 1 81 0
 133 0000 8091 0000 		lds r24,mousekey_accel
 134 0004 80FF      		sbrs r24,0
 135 0006 00C0      		rjmp .L15
  82:../../tmk_core/common/mousekey.c ****         unit = (MOUSEKEY_WHEEL_DELTA * mk_wheel_max_speed)/4;
 136               		.loc 1 82 0
 137 0008 6091 0000 		lds r22,mk_wheel_max_speed
 138 000c 70E0      		ldi r23,0
 139 000e 7595      		asr r23
 140 0010 6795      		ror r22
 141 0012 7595      		asr r23
 142 0014 6795      		ror r22
 143               	.LVL9:
 144 0016 00C0      		rjmp .L23
 145               	.LVL10:
 146               	.L15:
  83:../../tmk_core/common/mousekey.c ****     } else if (mousekey_accel & (1<<1)) {
 147               		.loc 1 83 0
 148 0018 81FF      		sbrs r24,1
 149 001a 00C0      		rjmp .L17
  84:../../tmk_core/common/mousekey.c ****         unit = (MOUSEKEY_WHEEL_DELTA * mk_wheel_max_speed)/2;
 150               		.loc 1 84 0
 151 001c 6091 0000 		lds r22,mk_wheel_max_speed
 152 0020 70E0      		ldi r23,0
 153 0022 7595      		asr r23
 154 0024 6795      		ror r22
 155               	.LVL11:
 156 0026 00C0      		rjmp .L23
 157               	.LVL12:
 158               	.L17:
  85:../../tmk_core/common/mousekey.c ****     } else if (mousekey_accel & (1<<2)) {
 159               		.loc 1 85 0
 160 0028 82FF      		sbrs r24,2
 161 002a 00C0      		rjmp .L18
 162               	.L21:
  86:../../tmk_core/common/mousekey.c ****         unit = (MOUSEKEY_WHEEL_DELTA * mk_wheel_max_speed);
 163               		.loc 1 86 0
 164 002c 6091 0000 		lds r22,mk_wheel_max_speed
 165 0030 70E0      		ldi r23,0
 166               	.LVL13:
 167 0032 00C0      		rjmp .L19
 168               	.LVL14:
 169               	.L18:
  87:../../tmk_core/common/mousekey.c ****     } else if (mousekey_repeat == 0) {
 170               		.loc 1 87 0
 171 0034 9091 0000 		lds r25,mousekey_repeat
 172 0038 9923      		tst r25
 173 003a 01F0      		breq .L24
  88:../../tmk_core/common/mousekey.c ****         unit = MOUSEKEY_WHEEL_DELTA;
  89:../../tmk_core/common/mousekey.c ****     } else if (mousekey_repeat >= mk_wheel_time_to_max) {
 174               		.loc 1 89 0
 175 003c 6091 0000 		lds r22,mk_wheel_time_to_max
 176 0040 9617      		cp r25,r22
 177 0042 00F4      		brsh .L21
  90:../../tmk_core/common/mousekey.c ****         unit = MOUSEKEY_WHEEL_DELTA * mk_wheel_max_speed;
  91:../../tmk_core/common/mousekey.c ****     } else {
  92:../../tmk_core/common/mousekey.c ****         unit = (MOUSEKEY_WHEEL_DELTA * mk_wheel_max_speed * mousekey_repeat) / mk_wheel_time_to_max
 178               		.loc 1 92 0
 179 0044 8091 0000 		lds r24,mk_wheel_max_speed
 180 0048 899F      		mul r24,r25
 181 004a C001      		movw r24,r0
 182 004c 1124      		clr __zero_reg__
 183 004e 70E0      		ldi r23,0
 184 0050 0E94 0000 		call __divmodhi4
 185               	.LVL15:
 186               	.L19:
  93:../../tmk_core/common/mousekey.c ****     }
  94:../../tmk_core/common/mousekey.c ****     return (unit > MOUSEKEY_WHEEL_MAX ? MOUSEKEY_WHEEL_MAX : (unit == 0 ? 1 : unit));
 187               		.loc 1 94 0
 188 0054 6038      		cpi r22,-128
 189 0056 7105      		cpc r23,__zero_reg__
 190 0058 00F4      		brsh .L25
 191               	.L23:
 192               		.loc 1 94 0 is_stmt 0 discriminator 1
 193 005a 6115      		cp r22,__zero_reg__
 194 005c 7105      		cpc r23,__zero_reg__
 195 005e 01F4      		brne .L20
 196 0060 00C0      		rjmp .L27
 197               	.LVL16:
 198               	.L24:
  88:../../tmk_core/common/mousekey.c ****     } else if (mousekey_repeat >= mk_wheel_time_to_max) {
 199               		.loc 1 88 0 is_stmt 1
 200 0062 61E0      		ldi r22,lo8(1)
 201 0064 70E0      		ldi r23,0
 202               	.L20:
 203               		.loc 1 94 0 discriminator 3
 204 0066 862F      		mov r24,r22
 205 0068 0895      		ret
 206               	.LVL17:
 207               	.L25:
 208               		.loc 1 94 0 is_stmt 0
 209 006a 8FE7      		ldi r24,lo8(127)
 210 006c 0895      		ret
 211               	.L27:
 212 006e 81E0      		ldi r24,lo8(1)
  95:../../tmk_core/common/mousekey.c **** }
 213               		.loc 1 95 0 is_stmt 1
 214 0070 0895      		ret
 215               		.cfi_endproc
 216               	.LFE101:
 218               		.section	.text.mousekey_on,"ax",@progbits
 219               	.global	mousekey_on
 221               	mousekey_on:
 222               	.LFB103:
  96:../../tmk_core/common/mousekey.c **** 
  97:../../tmk_core/common/mousekey.c **** void mousekey_task(void)
  98:../../tmk_core/common/mousekey.c **** {
  99:../../tmk_core/common/mousekey.c ****     if (timer_elapsed(last_timer) < (mousekey_repeat ? mk_interval : mk_delay*10))
 100:../../tmk_core/common/mousekey.c ****         return;
 101:../../tmk_core/common/mousekey.c **** 
 102:../../tmk_core/common/mousekey.c ****     if (mouse_report.x == 0 && mouse_report.y == 0 && mouse_report.v == 0 && mouse_report.h == 0)
 103:../../tmk_core/common/mousekey.c ****         return;
 104:../../tmk_core/common/mousekey.c **** 
 105:../../tmk_core/common/mousekey.c ****     if (mousekey_repeat != UINT8_MAX)
 106:../../tmk_core/common/mousekey.c ****         mousekey_repeat++;
 107:../../tmk_core/common/mousekey.c **** 
 108:../../tmk_core/common/mousekey.c **** 
 109:../../tmk_core/common/mousekey.c ****     if (mouse_report.x > 0) mouse_report.x = move_unit();
 110:../../tmk_core/common/mousekey.c ****     if (mouse_report.x < 0) mouse_report.x = move_unit() * -1;
 111:../../tmk_core/common/mousekey.c ****     if (mouse_report.y > 0) mouse_report.y = move_unit();
 112:../../tmk_core/common/mousekey.c ****     if (mouse_report.y < 0) mouse_report.y = move_unit() * -1;
 113:../../tmk_core/common/mousekey.c **** 
 114:../../tmk_core/common/mousekey.c ****     /* diagonal move [1/sqrt(2) = 0.7] */
 115:../../tmk_core/common/mousekey.c ****     if (mouse_report.x && mouse_report.y) {
 116:../../tmk_core/common/mousekey.c ****         mouse_report.x *= 0.7;
 117:../../tmk_core/common/mousekey.c ****         mouse_report.y *= 0.7;
 118:../../tmk_core/common/mousekey.c ****     }
 119:../../tmk_core/common/mousekey.c **** 
 120:../../tmk_core/common/mousekey.c ****     if (mouse_report.v > 0) mouse_report.v = wheel_unit();
 121:../../tmk_core/common/mousekey.c ****     if (mouse_report.v < 0) mouse_report.v = wheel_unit() * -1;
 122:../../tmk_core/common/mousekey.c ****     if (mouse_report.h > 0) mouse_report.h = wheel_unit();
 123:../../tmk_core/common/mousekey.c ****     if (mouse_report.h < 0) mouse_report.h = wheel_unit() * -1;
 124:../../tmk_core/common/mousekey.c **** 
 125:../../tmk_core/common/mousekey.c ****     mousekey_send();
 126:../../tmk_core/common/mousekey.c **** }
 127:../../tmk_core/common/mousekey.c **** 
 128:../../tmk_core/common/mousekey.c **** void mousekey_on(uint8_t code)
 129:../../tmk_core/common/mousekey.c **** {
 223               		.loc 1 129 0
 224               		.cfi_startproc
 225               	.LVL18:
 226               	/* prologue: function */
 227               	/* frame size = 0 */
 228               	/* stack size = 0 */
 229               	.L__stack_usage = 0
 130:../../tmk_core/common/mousekey.c ****     if      (code == KC_MS_UP)       mouse_report.y = move_unit() * -1;
 230               		.loc 1 130 0
 231 0000 803F      		cpi r24,lo8(-16)
 232 0002 01F4      		brne .L29
 233               		.loc 1 130 0 is_stmt 0 discriminator 1
 234 0004 0E94 0000 		call move_unit
 235               	.LVL19:
 236 0008 8195      		neg r24
 237 000a 00C0      		rjmp .L45
 238               	.LVL20:
 239               	.L29:
 131:../../tmk_core/common/mousekey.c ****     else if (code == KC_MS_DOWN)     mouse_report.y = move_unit();
 240               		.loc 1 131 0 is_stmt 1
 241 000c 813F      		cpi r24,lo8(-15)
 242 000e 01F4      		brne .L31
 243               		.loc 1 131 0 is_stmt 0 discriminator 1
 244 0010 0E94 0000 		call move_unit
 245               	.LVL21:
 246               	.L45:
 247 0014 8093 0000 		sts mouse_report+2,r24
 248 0018 0895      		ret
 249               	.LVL22:
 250               	.L31:
 132:../../tmk_core/common/mousekey.c ****     else if (code == KC_MS_LEFT)     mouse_report.x = move_unit() * -1;
 251               		.loc 1 132 0 is_stmt 1
 252 001a 823F      		cpi r24,lo8(-14)
 253 001c 01F4      		brne .L32
 254               		.loc 1 132 0 is_stmt 0 discriminator 1
 255 001e 0E94 0000 		call move_unit
 256               	.LVL23:
 257 0022 8195      		neg r24
 258 0024 00C0      		rjmp .L47
 259               	.LVL24:
 260               	.L32:
 133:../../tmk_core/common/mousekey.c ****     else if (code == KC_MS_RIGHT)    mouse_report.x = move_unit();
 261               		.loc 1 133 0 is_stmt 1
 262 0026 833F      		cpi r24,lo8(-13)
 263 0028 01F4      		brne .L33
 264               		.loc 1 133 0 is_stmt 0 discriminator 1
 265 002a 0E94 0000 		call move_unit
 266               	.LVL25:
 267               	.L47:
 268 002e 8093 0000 		sts mouse_report+1,r24
 269 0032 0895      		ret
 270               	.LVL26:
 271               	.L33:
 134:../../tmk_core/common/mousekey.c ****     else if (code == KC_MS_WH_UP)    mouse_report.v = wheel_unit();
 272               		.loc 1 134 0 is_stmt 1
 273 0034 893F      		cpi r24,lo8(-7)
 274 0036 01F4      		brne .L34
 275               		.loc 1 134 0 is_stmt 0 discriminator 1
 276 0038 0E94 0000 		call wheel_unit
 277               	.LVL27:
 278 003c 00C0      		rjmp .L49
 279               	.LVL28:
 280               	.L34:
 135:../../tmk_core/common/mousekey.c ****     else if (code == KC_MS_WH_DOWN)  mouse_report.v = wheel_unit() * -1;
 281               		.loc 1 135 0 is_stmt 1
 282 003e 8A3F      		cpi r24,lo8(-6)
 283 0040 01F4      		brne .L35
 284               		.loc 1 135 0 is_stmt 0 discriminator 1
 285 0042 0E94 0000 		call wheel_unit
 286               	.LVL29:
 287 0046 8195      		neg r24
 288               	.L49:
 289 0048 8093 0000 		sts mouse_report+3,r24
 290 004c 0895      		ret
 291               	.LVL30:
 292               	.L35:
 136:../../tmk_core/common/mousekey.c ****     else if (code == KC_MS_WH_LEFT)  mouse_report.h = wheel_unit() * -1;
 293               		.loc 1 136 0 is_stmt 1
 294 004e 8B3F      		cpi r24,lo8(-5)
 295 0050 01F4      		brne .L36
 296               		.loc 1 136 0 is_stmt 0 discriminator 1
 297 0052 0E94 0000 		call wheel_unit
 298               	.LVL31:
 299 0056 8195      		neg r24
 300 0058 00C0      		rjmp .L50
 301               	.LVL32:
 302               	.L36:
 137:../../tmk_core/common/mousekey.c ****     else if (code == KC_MS_WH_RIGHT) mouse_report.h = wheel_unit();
 303               		.loc 1 137 0 is_stmt 1
 304 005a 8C3F      		cpi r24,lo8(-4)
 305 005c 01F4      		brne .L37
 306               		.loc 1 137 0 is_stmt 0 discriminator 1
 307 005e 0E94 0000 		call wheel_unit
 308               	.LVL33:
 309               	.L50:
 310 0062 8093 0000 		sts mouse_report+4,r24
 311 0066 0895      		ret
 312               	.LVL34:
 313               	.L37:
 138:../../tmk_core/common/mousekey.c ****     else if (code == KC_MS_BTN1)     mouse_report.buttons |= MOUSE_BTN1;
 314               		.loc 1 138 0 is_stmt 1
 315 0068 843F      		cpi r24,lo8(-12)
 316 006a 01F4      		brne .L38
 317               		.loc 1 138 0 is_stmt 0 discriminator 1
 318 006c 8091 0000 		lds r24,mouse_report
 319               	.LVL35:
 320 0070 8160      		ori r24,lo8(1)
 321 0072 00C0      		rjmp .L48
 322               	.LVL36:
 323               	.L38:
 139:../../tmk_core/common/mousekey.c ****     else if (code == KC_MS_BTN2)     mouse_report.buttons |= MOUSE_BTN2;
 324               		.loc 1 139 0 is_stmt 1
 325 0074 853F      		cpi r24,lo8(-11)
 326 0076 01F4      		brne .L39
 327               		.loc 1 139 0 is_stmt 0 discriminator 1
 328 0078 8091 0000 		lds r24,mouse_report
 329               	.LVL37:
 330 007c 8260      		ori r24,lo8(2)
 331 007e 00C0      		rjmp .L48
 332               	.LVL38:
 333               	.L39:
 140:../../tmk_core/common/mousekey.c ****     else if (code == KC_MS_BTN3)     mouse_report.buttons |= MOUSE_BTN3;
 334               		.loc 1 140 0 is_stmt 1
 335 0080 863F      		cpi r24,lo8(-10)
 336 0082 01F4      		brne .L40
 337               		.loc 1 140 0 is_stmt 0 discriminator 1
 338 0084 8091 0000 		lds r24,mouse_report
 339               	.LVL39:
 340 0088 8460      		ori r24,lo8(4)
 341 008a 00C0      		rjmp .L48
 342               	.LVL40:
 343               	.L40:
 141:../../tmk_core/common/mousekey.c ****     else if (code == KC_MS_BTN4)     mouse_report.buttons |= MOUSE_BTN4;
 344               		.loc 1 141 0 is_stmt 1
 345 008c 873F      		cpi r24,lo8(-9)
 346 008e 01F4      		brne .L41
 347               		.loc 1 141 0 is_stmt 0 discriminator 1
 348 0090 8091 0000 		lds r24,mouse_report
 349               	.LVL41:
 350 0094 8860      		ori r24,lo8(8)
 351 0096 00C0      		rjmp .L48
 352               	.LVL42:
 353               	.L41:
 142:../../tmk_core/common/mousekey.c ****     else if (code == KC_MS_BTN5)     mouse_report.buttons |= MOUSE_BTN5;
 354               		.loc 1 142 0 is_stmt 1
 355 0098 883F      		cpi r24,lo8(-8)
 356 009a 01F4      		brne .L42
 357               		.loc 1 142 0 is_stmt 0 discriminator 1
 358 009c 8091 0000 		lds r24,mouse_report
 359               	.LVL43:
 360 00a0 8061      		ori r24,lo8(16)
 361               	.L48:
 362 00a2 8093 0000 		sts mouse_report,r24
 363 00a6 0895      		ret
 364               	.LVL44:
 365               	.L42:
 143:../../tmk_core/common/mousekey.c ****     else if (code == KC_MS_ACCEL0)   mousekey_accel |= (1<<0);
 366               		.loc 1 143 0 is_stmt 1
 367 00a8 8D3F      		cpi r24,lo8(-3)
 368 00aa 01F4      		brne .L43
 369               		.loc 1 143 0 is_stmt 0 discriminator 1
 370 00ac 8091 0000 		lds r24,mousekey_accel
 371               	.LVL45:
 372 00b0 8160      		ori r24,lo8(1)
 373 00b2 00C0      		rjmp .L46
 374               	.LVL46:
 375               	.L43:
 144:../../tmk_core/common/mousekey.c ****     else if (code == KC_MS_ACCEL1)   mousekey_accel |= (1<<1);
 376               		.loc 1 144 0 is_stmt 1
 377 00b4 8E3F      		cpi r24,lo8(-2)
 378 00b6 01F4      		brne .L44
 379               		.loc 1 144 0 is_stmt 0 discriminator 1
 380 00b8 8091 0000 		lds r24,mousekey_accel
 381               	.LVL47:
 382 00bc 8260      		ori r24,lo8(2)
 383 00be 00C0      		rjmp .L46
 384               	.LVL48:
 385               	.L44:
 145:../../tmk_core/common/mousekey.c ****     else if (code == KC_MS_ACCEL2)   mousekey_accel |= (1<<2);
 386               		.loc 1 145 0 is_stmt 1
 387 00c0 8F3F      		cpi r24,lo8(-1)
 388 00c2 01F4      		brne .L28
 389               		.loc 1 145 0 is_stmt 0 discriminator 1
 390 00c4 8091 0000 		lds r24,mousekey_accel
 391               	.LVL49:
 392 00c8 8460      		ori r24,lo8(4)
 393               	.L46:
 394 00ca 8093 0000 		sts mousekey_accel,r24
 395               	.L28:
 396 00ce 0895      		ret
 397               		.cfi_endproc
 398               	.LFE103:
 400               		.section	.text.mousekey_off,"ax",@progbits
 401               	.global	mousekey_off
 403               	mousekey_off:
 404               	.LFB104:
 146:../../tmk_core/common/mousekey.c **** }
 147:../../tmk_core/common/mousekey.c **** 
 148:../../tmk_core/common/mousekey.c **** void mousekey_off(uint8_t code)
 149:../../tmk_core/common/mousekey.c **** {
 405               		.loc 1 149 0 is_stmt 1
 406               		.cfi_startproc
 407               	.LVL50:
 408               	/* prologue: function */
 409               	/* frame size = 0 */
 410               	/* stack size = 0 */
 411               	.L__stack_usage = 0
 150:../../tmk_core/common/mousekey.c ****     if      (code == KC_MS_UP       && mouse_report.y < 0) mouse_report.y = 0;
 412               		.loc 1 150 0
 413 0000 803F      		cpi r24,lo8(-16)
 414 0002 01F4      		brne .L52
 415               		.loc 1 150 0 is_stmt 0 discriminator 1
 416 0004 8091 0000 		lds r24,mouse_report+2
 417               	.LVL51:
 418 0008 87FF      		sbrs r24,7
 419 000a 00C0      		rjmp .L53
 420               	.L55:
 421               		.loc 1 150 0 discriminator 2
 422 000c 1092 0000 		sts mouse_report+2,__zero_reg__
 423 0010 00C0      		rjmp .L53
 424               	.LVL52:
 425               	.L52:
 151:../../tmk_core/common/mousekey.c ****     else if (code == KC_MS_DOWN     && mouse_report.y > 0) mouse_report.y = 0;
 426               		.loc 1 151 0 is_stmt 1
 427 0012 813F      		cpi r24,lo8(-15)
 428 0014 01F4      		brne .L54
 429               		.loc 1 151 0 is_stmt 0 discriminator 1
 430 0016 8091 0000 		lds r24,mouse_report+2
 431               	.LVL53:
 432 001a 1816      		cp __zero_reg__,r24
 433 001c 04F0      		brlt .L55
 434 001e 00C0      		rjmp .L53
 435               	.LVL54:
 436               	.L54:
 437 0020 9091 0000 		lds r25,mouse_report+1
 152:../../tmk_core/common/mousekey.c ****     else if (code == KC_MS_LEFT     && mouse_report.x < 0) mouse_report.x = 0;
 438               		.loc 1 152 0 is_stmt 1
 439 0024 823F      		cpi r24,lo8(-14)
 440 0026 01F4      		brne .L56
 441               		.loc 1 152 0 is_stmt 0 discriminator 1
 442 0028 97FF      		sbrs r25,7
 443 002a 00C0      		rjmp .L53
 444               	.L58:
 445               		.loc 1 152 0 discriminator 2
 446 002c 1092 0000 		sts mouse_report+1,__zero_reg__
 447 0030 00C0      		rjmp .L53
 448               	.L56:
 153:../../tmk_core/common/mousekey.c ****     else if (code == KC_MS_RIGHT    && mouse_report.x > 0) mouse_report.x = 0;
 449               		.loc 1 153 0 is_stmt 1
 450 0032 833F      		cpi r24,lo8(-13)
 451 0034 01F4      		brne .L57
 452               		.loc 1 153 0 is_stmt 0 discriminator 1
 453 0036 1916      		cp __zero_reg__,r25
 454 0038 04F0      		brlt .L58
 455 003a 00C0      		rjmp .L53
 456               	.L57:
 154:../../tmk_core/common/mousekey.c ****     else if (code == KC_MS_WH_UP    && mouse_report.v > 0) mouse_report.v = 0;
 457               		.loc 1 154 0 is_stmt 1
 458 003c 893F      		cpi r24,lo8(-7)
 459 003e 01F4      		brne .L59
 460               		.loc 1 154 0 is_stmt 0 discriminator 1
 461 0040 8091 0000 		lds r24,mouse_report+3
 462               	.LVL55:
 463 0044 1816      		cp __zero_reg__,r24
 464 0046 04F0      		brlt .+2
 465 0048 00C0      		rjmp .L53
 466               	.L61:
 467               		.loc 1 154 0 discriminator 2
 468 004a 1092 0000 		sts mouse_report+3,__zero_reg__
 469 004e 00C0      		rjmp .L53
 470               	.LVL56:
 471               	.L59:
 155:../../tmk_core/common/mousekey.c ****     else if (code == KC_MS_WH_DOWN  && mouse_report.v < 0) mouse_report.v = 0;
 472               		.loc 1 155 0 is_stmt 1
 473 0050 8A3F      		cpi r24,lo8(-6)
 474 0052 01F4      		brne .L60
 475               		.loc 1 155 0 is_stmt 0 discriminator 1
 476 0054 8091 0000 		lds r24,mouse_report+3
 477               	.LVL57:
 478 0058 87FF      		sbrs r24,7
 479 005a 00C0      		rjmp .L53
 480 005c 00C0      		rjmp .L61
 481               	.LVL58:
 482               	.L60:
 156:../../tmk_core/common/mousekey.c ****     else if (code == KC_MS_WH_LEFT  && mouse_report.h < 0) mouse_report.h = 0;
 483               		.loc 1 156 0 is_stmt 1
 484 005e 8B3F      		cpi r24,lo8(-5)
 485 0060 01F4      		brne .L62
 486               		.loc 1 156 0 is_stmt 0 discriminator 1
 487 0062 8091 0000 		lds r24,mouse_report+4
 488               	.LVL59:
 489 0066 87FF      		sbrs r24,7
 490 0068 00C0      		rjmp .L53
 491               	.L64:
 492               		.loc 1 156 0 discriminator 2
 493 006a 1092 0000 		sts mouse_report+4,__zero_reg__
 494 006e 00C0      		rjmp .L53
 495               	.LVL60:
 496               	.L62:
 157:../../tmk_core/common/mousekey.c ****     else if (code == KC_MS_WH_RIGHT && mouse_report.h > 0) mouse_report.h = 0;
 497               		.loc 1 157 0 is_stmt 1
 498 0070 8C3F      		cpi r24,lo8(-4)
 499 0072 01F4      		brne .L63
 500               		.loc 1 157 0 is_stmt 0 discriminator 1
 501 0074 8091 0000 		lds r24,mouse_report+4
 502               	.LVL61:
 503 0078 1816      		cp __zero_reg__,r24
 504 007a 04F0      		brlt .L64
 505 007c 00C0      		rjmp .L53
 506               	.LVL62:
 507               	.L63:
 158:../../tmk_core/common/mousekey.c ****     else if (code == KC_MS_BTN1) mouse_report.buttons &= ~MOUSE_BTN1;
 508               		.loc 1 158 0 is_stmt 1
 509 007e 843F      		cpi r24,lo8(-12)
 510 0080 01F4      		brne .L65
 511               		.loc 1 158 0 is_stmt 0 discriminator 1
 512 0082 8091 0000 		lds r24,mouse_report
 513               	.LVL63:
 514 0086 8E7F      		andi r24,lo8(-2)
 515 0088 00C0      		rjmp .L74
 516               	.LVL64:
 517               	.L65:
 159:../../tmk_core/common/mousekey.c ****     else if (code == KC_MS_BTN2) mouse_report.buttons &= ~MOUSE_BTN2;
 518               		.loc 1 159 0 is_stmt 1
 519 008a 853F      		cpi r24,lo8(-11)
 520 008c 01F4      		brne .L66
 521               		.loc 1 159 0 is_stmt 0 discriminator 1
 522 008e 8091 0000 		lds r24,mouse_report
 523               	.LVL65:
 524 0092 8D7F      		andi r24,lo8(-3)
 525 0094 00C0      		rjmp .L74
 526               	.LVL66:
 527               	.L66:
 160:../../tmk_core/common/mousekey.c ****     else if (code == KC_MS_BTN3) mouse_report.buttons &= ~MOUSE_BTN3;
 528               		.loc 1 160 0 is_stmt 1
 529 0096 863F      		cpi r24,lo8(-10)
 530 0098 01F4      		brne .L67
 531               		.loc 1 160 0 is_stmt 0 discriminator 1
 532 009a 8091 0000 		lds r24,mouse_report
 533               	.LVL67:
 534 009e 8B7F      		andi r24,lo8(-5)
 535 00a0 00C0      		rjmp .L74
 536               	.LVL68:
 537               	.L67:
 161:../../tmk_core/common/mousekey.c ****     else if (code == KC_MS_BTN4) mouse_report.buttons &= ~MOUSE_BTN4;
 538               		.loc 1 161 0 is_stmt 1
 539 00a2 873F      		cpi r24,lo8(-9)
 540 00a4 01F4      		brne .L68
 541               		.loc 1 161 0 is_stmt 0 discriminator 1
 542 00a6 8091 0000 		lds r24,mouse_report
 543               	.LVL69:
 544 00aa 877F      		andi r24,lo8(-9)
 545 00ac 00C0      		rjmp .L74
 546               	.LVL70:
 547               	.L68:
 162:../../tmk_core/common/mousekey.c ****     else if (code == KC_MS_BTN5) mouse_report.buttons &= ~MOUSE_BTN5;
 548               		.loc 1 162 0 is_stmt 1
 549 00ae 883F      		cpi r24,lo8(-8)
 550 00b0 01F4      		brne .L69
 551               		.loc 1 162 0 is_stmt 0 discriminator 1
 552 00b2 8091 0000 		lds r24,mouse_report
 553               	.LVL71:
 554 00b6 8F7E      		andi r24,lo8(-17)
 555               	.L74:
 556 00b8 8093 0000 		sts mouse_report,r24
 557 00bc 00C0      		rjmp .L53
 558               	.LVL72:
 559               	.L69:
 163:../../tmk_core/common/mousekey.c ****     else if (code == KC_MS_ACCEL0) mousekey_accel &= ~(1<<0);
 560               		.loc 1 163 0 is_stmt 1
 561 00be 8D3F      		cpi r24,lo8(-3)
 562 00c0 01F4      		brne .L70
 563               		.loc 1 163 0 is_stmt 0 discriminator 1
 564 00c2 8091 0000 		lds r24,mousekey_accel
 565               	.LVL73:
 566 00c6 8E7F      		andi r24,lo8(-2)
 567 00c8 00C0      		rjmp .L73
 568               	.LVL74:
 569               	.L70:
 164:../../tmk_core/common/mousekey.c ****     else if (code == KC_MS_ACCEL1) mousekey_accel &= ~(1<<1);
 570               		.loc 1 164 0 is_stmt 1
 571 00ca 8E3F      		cpi r24,lo8(-2)
 572 00cc 01F4      		brne .L71
 573               		.loc 1 164 0 is_stmt 0 discriminator 1
 574 00ce 8091 0000 		lds r24,mousekey_accel
 575               	.LVL75:
 576 00d2 8D7F      		andi r24,lo8(-3)
 577 00d4 00C0      		rjmp .L73
 578               	.LVL76:
 579               	.L71:
 165:../../tmk_core/common/mousekey.c ****     else if (code == KC_MS_ACCEL2) mousekey_accel &= ~(1<<2);
 580               		.loc 1 165 0 is_stmt 1
 581 00d6 8F3F      		cpi r24,lo8(-1)
 582 00d8 01F4      		brne .L53
 583               		.loc 1 165 0 is_stmt 0 discriminator 1
 584 00da 8091 0000 		lds r24,mousekey_accel
 585               	.LVL77:
 586 00de 8B7F      		andi r24,lo8(-5)
 587               	.L73:
 588 00e0 8093 0000 		sts mousekey_accel,r24
 589               	.L53:
 166:../../tmk_core/common/mousekey.c **** 
 167:../../tmk_core/common/mousekey.c ****     if (mouse_report.x == 0 && mouse_report.y == 0 && mouse_report.v == 0 && mouse_report.h == 0)
 590               		.loc 1 167 0 is_stmt 1
 591 00e4 8091 0000 		lds r24,mouse_report+1
 592 00e8 8111      		cpse r24,__zero_reg__
 593 00ea 00C0      		rjmp .L51
 594               		.loc 1 167 0 is_stmt 0 discriminator 1
 595 00ec 8091 0000 		lds r24,mouse_report+2
 596 00f0 8111      		cpse r24,__zero_reg__
 597 00f2 00C0      		rjmp .L51
 598               		.loc 1 167 0 discriminator 2
 599 00f4 8091 0000 		lds r24,mouse_report+3
 600 00f8 8111      		cpse r24,__zero_reg__
 601 00fa 00C0      		rjmp .L51
 602               		.loc 1 167 0 discriminator 3
 603 00fc 8091 0000 		lds r24,mouse_report+4
 604 0100 8111      		cpse r24,__zero_reg__
 605 0102 00C0      		rjmp .L51
 168:../../tmk_core/common/mousekey.c ****         mousekey_repeat = 0;
 606               		.loc 1 168 0 is_stmt 1
 607 0104 1092 0000 		sts mousekey_repeat,__zero_reg__
 608               	.L51:
 609 0108 0895      		ret
 610               		.cfi_endproc
 611               	.LFE104:
 613               		.section	.text.mousekey_send,"ax",@progbits
 614               	.global	mousekey_send
 616               	mousekey_send:
 617               	.LFB105:
 169:../../tmk_core/common/mousekey.c **** }
 170:../../tmk_core/common/mousekey.c **** 
 171:../../tmk_core/common/mousekey.c **** void mousekey_send(void)
 172:../../tmk_core/common/mousekey.c **** {
 618               		.loc 1 172 0
 619               		.cfi_startproc
 620               	/* prologue: function */
 621               	/* frame size = 0 */
 622               	/* stack size = 0 */
 623               	.L__stack_usage = 0
 624               	.LBB19:
 625               	.LBB20:
 173:../../tmk_core/common/mousekey.c ****     mousekey_debug();
 174:../../tmk_core/common/mousekey.c ****     host_mouse_send(&mouse_report);
 175:../../tmk_core/common/mousekey.c ****     last_timer = timer_read();
 176:../../tmk_core/common/mousekey.c **** }
 177:../../tmk_core/common/mousekey.c **** 
 178:../../tmk_core/common/mousekey.c **** void mousekey_clear(void)
 179:../../tmk_core/common/mousekey.c **** {
 180:../../tmk_core/common/mousekey.c ****     mouse_report = (report_mouse_t){};
 181:../../tmk_core/common/mousekey.c ****     mousekey_repeat = 0;
 182:../../tmk_core/common/mousekey.c ****     mousekey_accel = 0;
 183:../../tmk_core/common/mousekey.c **** }
 184:../../tmk_core/common/mousekey.c **** 
 185:../../tmk_core/common/mousekey.c **** static void mousekey_debug(void)
 186:../../tmk_core/common/mousekey.c **** {
 187:../../tmk_core/common/mousekey.c ****     if (!debug_mouse) return;
 626               		.loc 1 187 0
 627 0000 8091 0000 		lds r24,debug_config
 628 0004 83FF      		sbrs r24,3
 629 0006 00C0      		rjmp .L76
 188:../../tmk_core/common/mousekey.c ****     print("mousekey [btn|x y v h](rep/acl): [");
 630               		.loc 1 188 0
 631 0008 80E0      		ldi r24,lo8(__c.4681)
 632 000a 90E0      		ldi r25,hi8(__c.4681)
 633 000c 0E94 0000 		call xputs
 189:../../tmk_core/common/mousekey.c ****     phex(mouse_report.buttons); print("|");
 634               		.loc 1 189 0
 635 0010 8091 0000 		lds r24,mouse_report
 636 0014 1F92      		push __zero_reg__
 637               	.LCFI0:
 638               		.cfi_def_cfa_offset 3
 639 0016 8F93      		push r24
 640               	.LCFI1:
 641               		.cfi_def_cfa_offset 4
 642 0018 80E0      		ldi r24,lo8(__c.4683)
 643 001a 90E0      		ldi r25,hi8(__c.4683)
 644 001c 9F93      		push r25
 645               	.LCFI2:
 646               		.cfi_def_cfa_offset 5
 647 001e 8F93      		push r24
 648               	.LCFI3:
 649               		.cfi_def_cfa_offset 6
 650 0020 0E94 0000 		call __xprintf
 651 0024 80E0      		ldi r24,lo8(__c.4685)
 652 0026 90E0      		ldi r25,hi8(__c.4685)
 653 0028 0E94 0000 		call xputs
 190:../../tmk_core/common/mousekey.c ****     print_decs(mouse_report.x); print(" ");
 654               		.loc 1 190 0
 655 002c 8091 0000 		lds r24,mouse_report+1
 656 0030 282F      		mov r18,r24
 657 0032 082E      		mov __tmp_reg__,r24
 658 0034 000C      		lsl r0
 659 0036 330B      		sbc r19,r19
 660 0038 3F93      		push r19
 661               	.LCFI4:
 662               		.cfi_def_cfa_offset 7
 663 003a 8F93      		push r24
 664               	.LCFI5:
 665               		.cfi_def_cfa_offset 8
 666 003c 80E0      		ldi r24,lo8(__c.4687)
 667 003e 90E0      		ldi r25,hi8(__c.4687)
 668 0040 9F93      		push r25
 669               	.LCFI6:
 670               		.cfi_def_cfa_offset 9
 671 0042 8F93      		push r24
 672               	.LCFI7:
 673               		.cfi_def_cfa_offset 10
 674 0044 0E94 0000 		call __xprintf
 675 0048 80E0      		ldi r24,lo8(__c.4689)
 676 004a 90E0      		ldi r25,hi8(__c.4689)
 677 004c 0E94 0000 		call xputs
 191:../../tmk_core/common/mousekey.c ****     print_decs(mouse_report.y); print(" ");
 678               		.loc 1 191 0
 679 0050 8091 0000 		lds r24,mouse_report+2
 680 0054 282F      		mov r18,r24
 681 0056 082E      		mov __tmp_reg__,r24
 682 0058 000C      		lsl r0
 683 005a 330B      		sbc r19,r19
 684 005c 3F93      		push r19
 685               	.LCFI8:
 686               		.cfi_def_cfa_offset 11
 687 005e 8F93      		push r24
 688               	.LCFI9:
 689               		.cfi_def_cfa_offset 12
 690 0060 80E0      		ldi r24,lo8(__c.4691)
 691 0062 90E0      		ldi r25,hi8(__c.4691)
 692 0064 9F93      		push r25
 693               	.LCFI10:
 694               		.cfi_def_cfa_offset 13
 695 0066 8F93      		push r24
 696               	.LCFI11:
 697               		.cfi_def_cfa_offset 14
 698 0068 0E94 0000 		call __xprintf
 699 006c 80E0      		ldi r24,lo8(__c.4693)
 700 006e 90E0      		ldi r25,hi8(__c.4693)
 701 0070 0E94 0000 		call xputs
 192:../../tmk_core/common/mousekey.c ****     print_decs(mouse_report.v); print(" ");
 702               		.loc 1 192 0
 703 0074 8091 0000 		lds r24,mouse_report+3
 704 0078 282F      		mov r18,r24
 705 007a 082E      		mov __tmp_reg__,r24
 706 007c 000C      		lsl r0
 707 007e 330B      		sbc r19,r19
 708 0080 3F93      		push r19
 709               	.LCFI12:
 710               		.cfi_def_cfa_offset 15
 711 0082 8F93      		push r24
 712               	.LCFI13:
 713               		.cfi_def_cfa_offset 16
 714 0084 80E0      		ldi r24,lo8(__c.4695)
 715 0086 90E0      		ldi r25,hi8(__c.4695)
 716 0088 9F93      		push r25
 717               	.LCFI14:
 718               		.cfi_def_cfa_offset 17
 719 008a 8F93      		push r24
 720               	.LCFI15:
 721               		.cfi_def_cfa_offset 18
 722 008c 0E94 0000 		call __xprintf
 723 0090 80E0      		ldi r24,lo8(__c.4697)
 724 0092 90E0      		ldi r25,hi8(__c.4697)
 725 0094 0E94 0000 		call xputs
 193:../../tmk_core/common/mousekey.c ****     print_decs(mouse_report.h); print("](");
 726               		.loc 1 193 0
 727 0098 8091 0000 		lds r24,mouse_report+4
 728 009c 282F      		mov r18,r24
 729 009e 082E      		mov __tmp_reg__,r24
 730 00a0 000C      		lsl r0
 731 00a2 330B      		sbc r19,r19
 732 00a4 3F93      		push r19
 733               	.LCFI16:
 734               		.cfi_def_cfa_offset 19
 735 00a6 8F93      		push r24
 736               	.LCFI17:
 737               		.cfi_def_cfa_offset 20
 738 00a8 80E0      		ldi r24,lo8(__c.4699)
 739 00aa 90E0      		ldi r25,hi8(__c.4699)
 740 00ac 9F93      		push r25
 741               	.LCFI18:
 742               		.cfi_def_cfa_offset 21
 743 00ae 8F93      		push r24
 744               	.LCFI19:
 745               		.cfi_def_cfa_offset 22
 746 00b0 0E94 0000 		call __xprintf
 747 00b4 80E0      		ldi r24,lo8(__c.4701)
 748 00b6 90E0      		ldi r25,hi8(__c.4701)
 749 00b8 0E94 0000 		call xputs
 194:../../tmk_core/common/mousekey.c ****     print_dec(mousekey_repeat); print("/");
 750               		.loc 1 194 0
 751 00bc 8091 0000 		lds r24,mousekey_repeat
 752 00c0 1F92      		push __zero_reg__
 753               	.LCFI20:
 754               		.cfi_def_cfa_offset 23
 755 00c2 8F93      		push r24
 756               	.LCFI21:
 757               		.cfi_def_cfa_offset 24
 758 00c4 80E0      		ldi r24,lo8(__c.4703)
 759 00c6 90E0      		ldi r25,hi8(__c.4703)
 760 00c8 9F93      		push r25
 761               	.LCFI22:
 762               		.cfi_def_cfa_offset 25
 763 00ca 8F93      		push r24
 764               	.LCFI23:
 765               		.cfi_def_cfa_offset 26
 766 00cc 0E94 0000 		call __xprintf
 767 00d0 80E0      		ldi r24,lo8(__c.4705)
 768 00d2 90E0      		ldi r25,hi8(__c.4705)
 769 00d4 0E94 0000 		call xputs
 195:../../tmk_core/common/mousekey.c ****     print_dec(mousekey_accel); print(")\n");
 770               		.loc 1 195 0
 771 00d8 8091 0000 		lds r24,mousekey_accel
 772 00dc 1F92      		push __zero_reg__
 773               	.LCFI24:
 774               		.cfi_def_cfa_offset 27
 775 00de 8F93      		push r24
 776               	.LCFI25:
 777               		.cfi_def_cfa_offset 28
 778 00e0 80E0      		ldi r24,lo8(__c.4707)
 779 00e2 90E0      		ldi r25,hi8(__c.4707)
 780 00e4 9F93      		push r25
 781               	.LCFI26:
 782               		.cfi_def_cfa_offset 29
 783 00e6 8F93      		push r24
 784               	.LCFI27:
 785               		.cfi_def_cfa_offset 30
 786 00e8 0E94 0000 		call __xprintf
 787 00ec 80E0      		ldi r24,lo8(__c.4709)
 788 00ee 90E0      		ldi r25,hi8(__c.4709)
 789 00f0 0E94 0000 		call xputs
 790 00f4 8DB7      		in r24,__SP_L__
 791 00f6 9EB7      		in r25,__SP_H__
 792 00f8 4C96      		adiw r24,28
 793 00fa 0FB6      		in __tmp_reg__,__SREG__
 794 00fc F894      		cli
 795 00fe 9EBF      		out __SP_H__,r25
 796 0100 0FBE      		out __SREG__,__tmp_reg__
 797 0102 8DBF      		out __SP_L__,r24
 798               	.LCFI28:
 799               		.cfi_def_cfa_offset 2
 800               	.L76:
 801               	.LBE20:
 802               	.LBE19:
 174:../../tmk_core/common/mousekey.c ****     last_timer = timer_read();
 803               		.loc 1 174 0
 804 0104 80E0      		ldi r24,lo8(mouse_report)
 805 0106 90E0      		ldi r25,hi8(mouse_report)
 806 0108 0E94 0000 		call host_mouse_send
 175:../../tmk_core/common/mousekey.c **** }
 807               		.loc 1 175 0
 808 010c 0E94 0000 		call timer_read
 809 0110 9093 0000 		sts last_timer+1,r25
 810 0114 8093 0000 		sts last_timer,r24
 811 0118 0895      		ret
 812               		.cfi_endproc
 813               	.LFE105:
 815               	.global	__floatsisf
 816               	.global	__mulsf3
 817               	.global	__fixsfsi
 818               		.section	.text.mousekey_task,"ax",@progbits
 819               	.global	mousekey_task
 821               	mousekey_task:
 822               	.LFB102:
  98:../../tmk_core/common/mousekey.c ****     if (timer_elapsed(last_timer) < (mousekey_repeat ? mk_interval : mk_delay*10))
 823               		.loc 1 98 0
 824               		.cfi_startproc
 825 0000 1F93      		push r17
 826               	.LCFI29:
 827               		.cfi_def_cfa_offset 3
 828               		.cfi_offset 17, -2
 829 0002 CF93      		push r28
 830               	.LCFI30:
 831               		.cfi_def_cfa_offset 4
 832               		.cfi_offset 28, -3
 833 0004 DF93      		push r29
 834               	.LCFI31:
 835               		.cfi_def_cfa_offset 5
 836               		.cfi_offset 29, -4
 837               	/* prologue: function */
 838               	/* frame size = 0 */
 839               	/* stack size = 3 */
 840               	.L__stack_usage = 3
  99:../../tmk_core/common/mousekey.c ****         return;
 841               		.loc 1 99 0
 842 0006 8091 0000 		lds r24,last_timer
 843 000a 9091 0000 		lds r25,last_timer+1
 844 000e 0E94 0000 		call timer_elapsed
 845               	.LVL78:
 846 0012 AC01      		movw r20,r24
 847 0014 9091 0000 		lds r25,mousekey_repeat
 848 0018 9923      		tst r25
 849 001a 01F0      		breq .L81
  99:../../tmk_core/common/mousekey.c ****         return;
 850               		.loc 1 99 0 is_stmt 0 discriminator 1
 851 001c 2091 0000 		lds r18,mk_interval
 852 0020 30E0      		ldi r19,0
 853 0022 00C0      		rjmp .L82
 854               	.L81:
  99:../../tmk_core/common/mousekey.c ****         return;
 855               		.loc 1 99 0 discriminator 2
 856 0024 2091 0000 		lds r18,mk_delay
 857 0028 8AE0      		ldi r24,lo8(10)
 858 002a 289F      		mul r18,r24
 859 002c 9001      		movw r18,r0
 860 002e 1124      		clr __zero_reg__
 861               	.L82:
  99:../../tmk_core/common/mousekey.c ****         return;
 862               		.loc 1 99 0 discriminator 4
 863 0030 4217      		cp r20,r18
 864 0032 5307      		cpc r21,r19
 865 0034 00F4      		brsh .+2
 866 0036 00C0      		rjmp .L80
 102:../../tmk_core/common/mousekey.c ****         return;
 867               		.loc 1 102 0 is_stmt 1
 868 0038 8091 0000 		lds r24,mouse_report+1
 869 003c C091 0000 		lds r28,mouse_report+2
 870 0040 D091 0000 		lds r29,mouse_report+3
 871 0044 1091 0000 		lds r17,mouse_report+4
 872 0048 8111      		cpse r24,__zero_reg__
 873 004a 00C0      		rjmp .L84
 102:../../tmk_core/common/mousekey.c ****         return;
 874               		.loc 1 102 0 is_stmt 0 discriminator 1
 875 004c C111      		cpse r28,__zero_reg__
 876 004e 00C0      		rjmp .L85
 102:../../tmk_core/common/mousekey.c ****         return;
 877               		.loc 1 102 0 discriminator 2
 878 0050 D111      		cpse r29,__zero_reg__
 879 0052 00C0      		rjmp .L85
 102:../../tmk_core/common/mousekey.c ****         return;
 880               		.loc 1 102 0 discriminator 3
 881 0054 1111      		cpse r17,__zero_reg__
 882 0056 00C0      		rjmp .L85
 883 0058 00C0      		rjmp .L80
 884               	.L84:
 105:../../tmk_core/common/mousekey.c ****         mousekey_repeat++;
 885               		.loc 1 105 0 is_stmt 1
 886 005a 9F3F      		cpi r25,lo8(-1)
 887 005c 01F0      		breq .L86
 888               	.L96:
 106:../../tmk_core/common/mousekey.c **** 
 889               		.loc 1 106 0
 890 005e 9F5F      		subi r25,lo8(-(1))
 891 0060 9093 0000 		sts mousekey_repeat,r25
 892               	.L86:
 109:../../tmk_core/common/mousekey.c ****     if (mouse_report.x < 0) mouse_report.x = move_unit() * -1;
 893               		.loc 1 109 0
 894 0064 1816      		cp __zero_reg__,r24
 895 0066 04F4      		brge .L87
 109:../../tmk_core/common/mousekey.c ****     if (mouse_report.x < 0) mouse_report.x = move_unit() * -1;
 896               		.loc 1 109 0 is_stmt 0 discriminator 1
 897 0068 0E94 0000 		call move_unit
 898               	.LVL79:
 899 006c 8093 0000 		sts mouse_report+1,r24
 900               	.L87:
 110:../../tmk_core/common/mousekey.c ****     if (mouse_report.y > 0) mouse_report.y = move_unit();
 901               		.loc 1 110 0 is_stmt 1
 902 0070 8091 0000 		lds r24,mouse_report+1
 903 0074 87FF      		sbrs r24,7
 904 0076 00C0      		rjmp .L88
 110:../../tmk_core/common/mousekey.c ****     if (mouse_report.y > 0) mouse_report.y = move_unit();
 905               		.loc 1 110 0 is_stmt 0 discriminator 1
 906 0078 0E94 0000 		call move_unit
 907               	.LVL80:
 908 007c 8195      		neg r24
 909 007e 8093 0000 		sts mouse_report+1,r24
 910               	.L88:
 111:../../tmk_core/common/mousekey.c ****     if (mouse_report.y < 0) mouse_report.y = move_unit() * -1;
 911               		.loc 1 111 0 is_stmt 1
 912 0082 1C16      		cp __zero_reg__,r28
 913 0084 04F4      		brge .L89
 111:../../tmk_core/common/mousekey.c ****     if (mouse_report.y < 0) mouse_report.y = move_unit() * -1;
 914               		.loc 1 111 0 is_stmt 0 discriminator 1
 915 0086 0E94 0000 		call move_unit
 916               	.LVL81:
 917 008a 8093 0000 		sts mouse_report+2,r24
 918               	.L89:
 112:../../tmk_core/common/mousekey.c **** 
 919               		.loc 1 112 0 is_stmt 1
 920 008e 8091 0000 		lds r24,mouse_report+2
 921 0092 87FF      		sbrs r24,7
 922 0094 00C0      		rjmp .L90
 112:../../tmk_core/common/mousekey.c **** 
 923               		.loc 1 112 0 is_stmt 0 discriminator 1
 924 0096 0E94 0000 		call move_unit
 925               	.LVL82:
 926 009a 8195      		neg r24
 927 009c 8093 0000 		sts mouse_report+2,r24
 928               	.L90:
 115:../../tmk_core/common/mousekey.c ****         mouse_report.x *= 0.7;
 929               		.loc 1 115 0 is_stmt 1
 930 00a0 6091 0000 		lds r22,mouse_report+1
 931 00a4 6623      		tst r22
 932 00a6 01F0      		breq .L91
 115:../../tmk_core/common/mousekey.c ****         mouse_report.x *= 0.7;
 933               		.loc 1 115 0 is_stmt 0 discriminator 1
 934 00a8 C091 0000 		lds r28,mouse_report+2
 935 00ac CC23      		tst r28
 936 00ae 01F0      		breq .L91
 116:../../tmk_core/common/mousekey.c ****         mouse_report.y *= 0.7;
 937               		.loc 1 116 0 is_stmt 1
 938 00b0 062E      		mov __tmp_reg__,r22
 939 00b2 000C      		lsl r0
 940 00b4 770B      		sbc r23,r23
 941 00b6 880B      		sbc r24,r24
 942 00b8 990B      		sbc r25,r25
 943 00ba 0E94 0000 		call __floatsisf
 944               	.LVL83:
 945 00be 23E3      		ldi r18,lo8(51)
 946 00c0 33E3      		ldi r19,lo8(51)
 947 00c2 43E3      		ldi r20,lo8(51)
 948 00c4 5FE3      		ldi r21,lo8(63)
 949 00c6 0E94 0000 		call __mulsf3
 950               	.LVL84:
 951 00ca 0E94 0000 		call __fixsfsi
 952               	.LVL85:
 953 00ce 6093 0000 		sts mouse_report+1,r22
 117:../../tmk_core/common/mousekey.c ****     }
 954               		.loc 1 117 0
 955 00d2 6C2F      		mov r22,r28
 956 00d4 CC0F      		lsl r28
 957 00d6 770B      		sbc r23,r23
 958 00d8 880B      		sbc r24,r24
 959 00da 990B      		sbc r25,r25
 960 00dc 0E94 0000 		call __floatsisf
 961               	.LVL86:
 962 00e0 23E3      		ldi r18,lo8(51)
 963 00e2 33E3      		ldi r19,lo8(51)
 964 00e4 43E3      		ldi r20,lo8(51)
 965 00e6 5FE3      		ldi r21,lo8(63)
 966 00e8 0E94 0000 		call __mulsf3
 967               	.LVL87:
 968 00ec 0E94 0000 		call __fixsfsi
 969               	.LVL88:
 970 00f0 6093 0000 		sts mouse_report+2,r22
 971               	.L91:
 120:../../tmk_core/common/mousekey.c ****     if (mouse_report.v < 0) mouse_report.v = wheel_unit() * -1;
 972               		.loc 1 120 0
 973 00f4 1D16      		cp __zero_reg__,r29
 974 00f6 04F4      		brge .L92
 120:../../tmk_core/common/mousekey.c ****     if (mouse_report.v < 0) mouse_report.v = wheel_unit() * -1;
 975               		.loc 1 120 0 is_stmt 0 discriminator 1
 976 00f8 0E94 0000 		call wheel_unit
 977               	.LVL89:
 978 00fc 8093 0000 		sts mouse_report+3,r24
 979               	.L92:
 121:../../tmk_core/common/mousekey.c ****     if (mouse_report.h > 0) mouse_report.h = wheel_unit();
 980               		.loc 1 121 0 is_stmt 1
 981 0100 8091 0000 		lds r24,mouse_report+3
 982 0104 87FF      		sbrs r24,7
 983 0106 00C0      		rjmp .L93
 121:../../tmk_core/common/mousekey.c ****     if (mouse_report.h > 0) mouse_report.h = wheel_unit();
 984               		.loc 1 121 0 is_stmt 0 discriminator 1
 985 0108 0E94 0000 		call wheel_unit
 986               	.LVL90:
 987 010c 8195      		neg r24
 988 010e 8093 0000 		sts mouse_report+3,r24
 989               	.L93:
 122:../../tmk_core/common/mousekey.c ****     if (mouse_report.h < 0) mouse_report.h = wheel_unit() * -1;
 990               		.loc 1 122 0 is_stmt 1
 991 0112 1116      		cp __zero_reg__,r17
 992 0114 04F4      		brge .L94
 122:../../tmk_core/common/mousekey.c ****     if (mouse_report.h < 0) mouse_report.h = wheel_unit() * -1;
 993               		.loc 1 122 0 is_stmt 0 discriminator 1
 994 0116 0E94 0000 		call wheel_unit
 995               	.LVL91:
 996 011a 8093 0000 		sts mouse_report+4,r24
 997               	.L94:
 123:../../tmk_core/common/mousekey.c **** 
 998               		.loc 1 123 0 is_stmt 1
 999 011e 8091 0000 		lds r24,mouse_report+4
 1000 0122 87FF      		sbrs r24,7
 1001 0124 00C0      		rjmp .L95
 123:../../tmk_core/common/mousekey.c **** 
 1002               		.loc 1 123 0 is_stmt 0 discriminator 1
 1003 0126 0E94 0000 		call wheel_unit
 1004               	.LVL92:
 1005 012a 8195      		neg r24
 1006 012c 8093 0000 		sts mouse_report+4,r24
 1007               	.L95:
 1008               	/* epilogue start */
 126:../../tmk_core/common/mousekey.c **** 
 1009               		.loc 1 126 0 is_stmt 1
 1010 0130 DF91      		pop r29
 1011 0132 CF91      		pop r28
 1012 0134 1F91      		pop r17
 125:../../tmk_core/common/mousekey.c **** }
 1013               		.loc 1 125 0
 1014 0136 0C94 0000 		jmp mousekey_send
 1015               	.LVL93:
 1016               	.L85:
 105:../../tmk_core/common/mousekey.c ****         mousekey_repeat++;
 1017               		.loc 1 105 0
 1018 013a 9F3F      		cpi r25,lo8(-1)
 1019 013c 01F0      		breq .+2
 1020 013e 00C0      		rjmp .L96
 1021 0140 00C0      		rjmp .L88
 1022               	.L80:
 1023               	/* epilogue start */
 126:../../tmk_core/common/mousekey.c **** 
 1024               		.loc 1 126 0
 1025 0142 DF91      		pop r29
 1026 0144 CF91      		pop r28
 1027 0146 1F91      		pop r17
 1028 0148 0895      		ret
 1029               		.cfi_endproc
 1030               	.LFE102:
 1032               		.section	.text.mousekey_clear,"ax",@progbits
 1033               	.global	mousekey_clear
 1035               	mousekey_clear:
 1036               	.LFB106:
 179:../../tmk_core/common/mousekey.c ****     mouse_report = (report_mouse_t){};
 1037               		.loc 1 179 0
 1038               		.cfi_startproc
 1039               	/* prologue: function */
 1040               	/* frame size = 0 */
 1041               	/* stack size = 0 */
 1042               	.L__stack_usage = 0
 180:../../tmk_core/common/mousekey.c ****     mousekey_repeat = 0;
 1043               		.loc 1 180 0
 1044 0000 E0E0      		ldi r30,lo8(mouse_report)
 1045 0002 F0E0      		ldi r31,hi8(mouse_report)
 1046 0004 85E0      		ldi r24,lo8(5)
 1047 0006 DF01      		movw r26,r30
 1048               		0:
 1049 0008 1D92      		st X+,__zero_reg__
 1050 000a 8A95      		dec r24
 1051 000c 01F4      		brne 0b
 181:../../tmk_core/common/mousekey.c ****     mousekey_accel = 0;
 1052               		.loc 1 181 0
 1053 000e 1092 0000 		sts mousekey_repeat,__zero_reg__
 182:../../tmk_core/common/mousekey.c **** }
 1054               		.loc 1 182 0
 1055 0012 1092 0000 		sts mousekey_accel,__zero_reg__
 1056 0016 0895      		ret
 1057               		.cfi_endproc
 1058               	.LFE106:
 1060               		.section	.progmem.data.__c.4709,"a",@progbits
 1063               	__c.4709:
 1064 0000 290A 00   		.string	")\n"
 1065               		.section	.progmem.data.__c.4707,"a",@progbits
 1068               	__c.4707:
 1069 0000 2575 00   		.string	"%u"
 1070               		.section	.progmem.data.__c.4705,"a",@progbits
 1073               	__c.4705:
 1074 0000 2F00      		.string	"/"
 1075               		.section	.progmem.data.__c.4703,"a",@progbits
 1078               	__c.4703:
 1079 0000 2575 00   		.string	"%u"
 1080               		.section	.progmem.data.__c.4701,"a",@progbits
 1083               	__c.4701:
 1084 0000 5D28 00   		.string	"]("
 1085               		.section	.progmem.data.__c.4699,"a",@progbits
 1088               	__c.4699:
 1089 0000 2564 00   		.string	"%d"
 1090               		.section	.progmem.data.__c.4697,"a",@progbits
 1093               	__c.4697:
 1094 0000 2000      		.string	" "
 1095               		.section	.progmem.data.__c.4695,"a",@progbits
 1098               	__c.4695:
 1099 0000 2564 00   		.string	"%d"
 1100               		.section	.progmem.data.__c.4693,"a",@progbits
 1103               	__c.4693:
 1104 0000 2000      		.string	" "
 1105               		.section	.progmem.data.__c.4691,"a",@progbits
 1108               	__c.4691:
 1109 0000 2564 00   		.string	"%d"
 1110               		.section	.progmem.data.__c.4689,"a",@progbits
 1113               	__c.4689:
 1114 0000 2000      		.string	" "
 1115               		.section	.progmem.data.__c.4687,"a",@progbits
 1118               	__c.4687:
 1119 0000 2564 00   		.string	"%d"
 1120               		.section	.progmem.data.__c.4685,"a",@progbits
 1123               	__c.4685:
 1124 0000 7C00      		.string	"|"
 1125               		.section	.progmem.data.__c.4683,"a",@progbits
 1128               	__c.4683:
 1129 0000 2530 3258 		.string	"%02X"
 1129      00
 1130               		.section	.progmem.data.__c.4681,"a",@progbits
 1133               	__c.4681:
 1134 0000 6D6F 7573 		.string	"mousekey [btn|x y v h](rep/acl): ["
 1134      656B 6579 
 1134      205B 6274 
 1134      6E7C 7820 
 1134      7920 7620 
 1135               		.section	.bss.last_timer,"aw",@nobits
 1138               	last_timer:
 1139 0000 0000      		.zero	2
 1140               	.global	mk_wheel_time_to_max
 1141               		.section	.data.mk_wheel_time_to_max,"aw",@progbits
 1144               	mk_wheel_time_to_max:
 1145 0000 28        		.byte	40
 1146               	.global	mk_wheel_max_speed
 1147               		.section	.data.mk_wheel_max_speed,"aw",@progbits
 1150               	mk_wheel_max_speed:
 1151 0000 08        		.byte	8
 1152               	.global	mk_time_to_max
 1153               		.section	.data.mk_time_to_max,"aw",@progbits
 1156               	mk_time_to_max:
 1157 0000 14        		.byte	20
 1158               	.global	mk_max_speed
 1159               		.section	.data.mk_max_speed,"aw",@progbits
 1162               	mk_max_speed:
 1163 0000 0A        		.byte	10
 1164               	.global	mk_interval
 1165               		.section	.data.mk_interval,"aw",@progbits
 1168               	mk_interval:
 1169 0000 32        		.byte	50
 1170               	.global	mk_delay
 1171               		.section	.data.mk_delay,"aw",@progbits
 1174               	mk_delay:
 1175 0000 1E        		.byte	30
 1176               		.section	.bss.mousekey_accel,"aw",@nobits
 1179               	mousekey_accel:
 1180 0000 00        		.zero	1
 1181               		.section	.bss.mousekey_repeat,"aw",@nobits
 1184               	mousekey_repeat:
 1185 0000 00        		.zero	1
 1186               		.section	.bss.mouse_report,"aw",@nobits
 1189               	mouse_report:
 1190 0000 0000 0000 		.zero	5
 1190      00
 1191               		.text
 1192               	.Letext0:
 1193               		.file 2 "/usr/lib/avr/include/stdint.h"
 1194               		.file 3 "../../tmk_core/common/report.h"
 1195               		.file 4 "../../tmk_core/common/debug.h"
 1196               		.file 5 "../../tmk_core/protocol/lufa/LUFA-git/LUFA/Drivers/USB/Core/USBTask.h"
 1197               		.file 6 "../../tmk_core/common/keycode.h"
 1198               		.file 7 "../../tmk_core/common/timer.h"
DEFINED SYMBOLS
                            *ABS*:0000000000000000 mousekey.c
     /tmp/ccC4ygul.s:2      *ABS*:000000000000003e __SP_H__
     /tmp/ccC4ygul.s:3      *ABS*:000000000000003d __SP_L__
     /tmp/ccC4ygul.s:4      *ABS*:000000000000003f __SREG__
     /tmp/ccC4ygul.s:5      *ABS*:0000000000000000 __tmp_reg__
     /tmp/ccC4ygul.s:6      *ABS*:0000000000000001 __zero_reg__
     /tmp/ccC4ygul.s:12     .text.move_unit:0000000000000000 move_unit
     /tmp/ccC4ygul.s:1179   .bss.mousekey_accel:0000000000000000 mousekey_accel
     /tmp/ccC4ygul.s:1162   .data.mk_max_speed:0000000000000000 mk_max_speed
     /tmp/ccC4ygul.s:1184   .bss.mousekey_repeat:0000000000000000 mousekey_repeat
     /tmp/ccC4ygul.s:1156   .data.mk_time_to_max:0000000000000000 mk_time_to_max
     /tmp/ccC4ygul.s:124    .text.wheel_unit:0000000000000000 wheel_unit
     /tmp/ccC4ygul.s:1150   .data.mk_wheel_max_speed:0000000000000000 mk_wheel_max_speed
     /tmp/ccC4ygul.s:1144   .data.mk_wheel_time_to_max:0000000000000000 mk_wheel_time_to_max
     /tmp/ccC4ygul.s:221    .text.mousekey_on:0000000000000000 mousekey_on
     /tmp/ccC4ygul.s:1189   .bss.mouse_report:0000000000000000 mouse_report
     /tmp/ccC4ygul.s:403    .text.mousekey_off:0000000000000000 mousekey_off
     /tmp/ccC4ygul.s:616    .text.mousekey_send:0000000000000000 mousekey_send
     /tmp/ccC4ygul.s:1133   .progmem.data.__c.4681:0000000000000000 __c.4681
     /tmp/ccC4ygul.s:1128   .progmem.data.__c.4683:0000000000000000 __c.4683
     /tmp/ccC4ygul.s:1123   .progmem.data.__c.4685:0000000000000000 __c.4685
     /tmp/ccC4ygul.s:1118   .progmem.data.__c.4687:0000000000000000 __c.4687
     /tmp/ccC4ygul.s:1113   .progmem.data.__c.4689:0000000000000000 __c.4689
     /tmp/ccC4ygul.s:1108   .progmem.data.__c.4691:0000000000000000 __c.4691
     /tmp/ccC4ygul.s:1103   .progmem.data.__c.4693:0000000000000000 __c.4693
     /tmp/ccC4ygul.s:1098   .progmem.data.__c.4695:0000000000000000 __c.4695
     /tmp/ccC4ygul.s:1093   .progmem.data.__c.4697:0000000000000000 __c.4697
     /tmp/ccC4ygul.s:1088   .progmem.data.__c.4699:0000000000000000 __c.4699
     /tmp/ccC4ygul.s:1083   .progmem.data.__c.4701:0000000000000000 __c.4701
     /tmp/ccC4ygul.s:1078   .progmem.data.__c.4703:0000000000000000 __c.4703
     /tmp/ccC4ygul.s:1073   .progmem.data.__c.4705:0000000000000000 __c.4705
     /tmp/ccC4ygul.s:1068   .progmem.data.__c.4707:0000000000000000 __c.4707
     /tmp/ccC4ygul.s:1063   .progmem.data.__c.4709:0000000000000000 __c.4709
     /tmp/ccC4ygul.s:1138   .bss.last_timer:0000000000000000 last_timer
     /tmp/ccC4ygul.s:821    .text.mousekey_task:0000000000000000 mousekey_task
     /tmp/ccC4ygul.s:1168   .data.mk_interval:0000000000000000 mk_interval
     /tmp/ccC4ygul.s:1174   .data.mk_delay:0000000000000000 mk_delay
     /tmp/ccC4ygul.s:1035   .text.mousekey_clear:0000000000000000 mousekey_clear

UNDEFINED SYMBOLS
__divmodhi4
debug_config
xputs
__xprintf
host_mouse_send
timer_read
__floatsisf
__mulsf3
__fixsfsi
timer_elapsed
__do_copy_data
__do_clear_bss
